0 info it worked if it ends with ok
1 verbose cli [ 'C:\\tools\\nodejs\\node.exe',
1 verbose cli   'C:\\tools\\nodejs\\node_modules\\npm\\bin\\npm-cli.js',
1 verbose cli   'install',
1 verbose cli   'angular-bootstrap-switch' ]
2 info using npm@2.15.5
3 info using node@v4.4.5
4 verbose install initial load of F:\workspace\angularjs\gps_client\package.json
5 verbose installManyTop reading scoped package data from F:\workspace\angularjs\gps_client\node_modules\angular-sanitize\package.json
6 verbose installManyTop reading scoped package data from F:\workspace\angularjs\gps_client\node_modules\angularjs\package.json
7 verbose installManyTop reading scoped package data from F:\workspace\angularjs\gps_client\node_modules\bower\package.json
8 verbose installManyTop reading scoped package data from F:\workspace\angularjs\gps_client\node_modules\gulp\package.json
9 verbose installManyTop reading scoped package data from F:\workspace\angularjs\gps_client\node_modules\gulp-angular-templatecache\package.json
10 verbose installManyTop reading scoped package data from F:\workspace\angularjs\gps_client\node_modules\gulp-angular-templatecache-ionic\package.json
11 verbose installManyTop reading scoped package data from F:\workspace\angularjs\gps_client\node_modules\gulp-clean\package.json
12 verbose installManyTop reading scoped package data from F:\workspace\angularjs\gps_client\node_modules\gulp-concat\package.json
13 verbose installManyTop reading scoped package data from F:\workspace\angularjs\gps_client\node_modules\gulp-csso\package.json
14 verbose installManyTop reading scoped package data from F:\workspace\angularjs\gps_client\node_modules\gulp-filter\package.json
15 verbose installManyTop reading scoped package data from F:\workspace\angularjs\gps_client\node_modules\gulp-if\package.json
16 verbose installManyTop reading scoped package data from F:\workspace\angularjs\gps_client\node_modules\gulp-jshint\package.json
17 verbose installManyTop reading scoped package data from F:\workspace\angularjs\gps_client\node_modules\gulp-minify-css\package.json
18 verbose installManyTop reading scoped package data from F:\workspace\angularjs\gps_client\node_modules\gulp-rename\package.json
19 verbose installManyTop reading scoped package data from F:\workspace\angularjs\gps_client\node_modules\gulp-rev-all\package.json
20 verbose installManyTop reading scoped package data from F:\workspace\angularjs\gps_client\node_modules\gulp-run-sequence\package.json
21 verbose installManyTop reading scoped package data from F:\workspace\angularjs\gps_client\node_modules\gulp-uglify\package.json
22 verbose installManyTop reading scoped package data from F:\workspace\angularjs\gps_client\node_modules\gulp-useref\package.json
23 verbose installManyTop reading scoped package data from F:\workspace\angularjs\gps_client\node_modules\http-server\package.json
24 verbose installManyTop reading scoped package data from F:\workspace\angularjs\gps_client\node_modules\jasmine-core\package.json
25 verbose installManyTop reading scoped package data from F:\workspace\angularjs\gps_client\node_modules\jshint\package.json
26 verbose installManyTop reading scoped package data from F:\workspace\angularjs\gps_client\node_modules\karma\package.json
27 verbose installManyTop reading scoped package data from F:\workspace\angularjs\gps_client\node_modules\karma-chrome-launcher\package.json
28 verbose installManyTop reading scoped package data from F:\workspace\angularjs\gps_client\node_modules\karma-firefox-launcher\package.json
29 verbose installManyTop reading scoped package data from F:\workspace\angularjs\gps_client\node_modules\karma-jasmine\package.json
30 verbose installManyTop reading scoped package data from F:\workspace\angularjs\gps_client\node_modules\karma-junit-reporter\package.json
31 verbose installManyTop reading scoped package data from F:\workspace\angularjs\gps_client\node_modules\protractor\package.json
32 verbose installManyTop reading scoped package data from F:\workspace\angularjs\gps_client\node_modules\shelljs\package.json
33 info package.json gulp-minify-css@1.2.4 No repository field.
34 info package.json gulp-rename@1.2.2 No license field.
35 info package.json gulp-run-sequence@0.3.2 No license field.
36 verbose readDependencies loading dependencies from F:\workspace\angularjs\gps_client\package.json
37 silly cache add args [ 'angular-bootstrap-switch', null ]
38 verbose cache add spec angular-bootstrap-switch
39 silly cache add parsed spec Result {
39 silly cache add   raw: 'angular-bootstrap-switch',
39 silly cache add   scope: null,
39 silly cache add   name: 'angular-bootstrap-switch',
39 silly cache add   rawSpec: '',
39 silly cache add   spec: 'latest',
39 silly cache add   type: 'tag' }
40 silly addNamed angular-bootstrap-switch@latest
41 verbose addNamed "latest" is being treated as a dist-tag for angular-bootstrap-switch
42 info addNameTag [ 'angular-bootstrap-switch', 'latest' ]
43 silly mapToRegistry name angular-bootstrap-switch
44 silly mapToRegistry using default registry
45 silly mapToRegistry registry https://registry.npmjs.org/
46 silly mapToRegistry data Result {
46 silly mapToRegistry   raw: 'angular-bootstrap-switch',
46 silly mapToRegistry   scope: null,
46 silly mapToRegistry   name: 'angular-bootstrap-switch',
46 silly mapToRegistry   rawSpec: '',
46 silly mapToRegistry   spec: 'latest',
46 silly mapToRegistry   type: 'tag' }
47 silly mapToRegistry uri https://registry.npmjs.org/angular-bootstrap-switch
48 verbose addNameTag registry:https://registry.npmjs.org/angular-bootstrap-switch not in flight; fetching
49 verbose request uri https://registry.npmjs.org/angular-bootstrap-switch
50 verbose request no auth needed
51 info attempt registry request try #1 at 16:59:36
52 verbose request id 3b3d31c38743cc92
53 http request GET https://registry.npmjs.org/angular-bootstrap-switch
54 info retry will retry, error on last attempt: Error: getaddrinfo ENOTFOUND registry.npmjs.org registry.npmjs.org:443
55 info attempt registry request try #2 at 16:59:48
56 http request GET https://registry.npmjs.org/angular-bootstrap-switch
57 info retry will retry, error on last attempt: Error: getaddrinfo ENOTFOUND registry.npmjs.org registry.npmjs.org:443
58 info attempt registry request try #3 at 17:00:48
59 http request GET https://registry.npmjs.org/angular-bootstrap-switch
60 verbose stack Error: getaddrinfo ENOTFOUND registry.npmjs.org registry.npmjs.org:443
60 verbose stack     at errnoException (dns.js:27:10)
60 verbose stack     at GetAddrInfoReqWrap.onlookup [as oncomplete] (dns.js:78:26)
61 verbose cwd F:\workspace\angularjs\gps_client
62 error Windows_NT 6.1.7601
63 error argv "C:\\tools\\nodejs\\node.exe" "C:\\tools\\nodejs\\node_modules\\npm\\bin\\npm-cli.js" "install" "angular-bootstrap-switch"
64 error node v4.4.5
65 error npm  v2.15.5
66 error code ENOTFOUND
67 error errno ENOTFOUND
68 error syscall getaddrinfo
69 error network getaddrinfo ENOTFOUND registry.npmjs.org registry.npmjs.org:443
69 error network This is most likely not a problem with npm itself
69 error network and is related to network connectivity.
69 error network In most cases you are behind a proxy or have bad network settings.
69 error network
69 error network If you are behind a proxy, please make sure that the
69 error network 'proxy' config is set properly.  See: 'npm help config'
70 verbose exit [ 1, true ]
